Stale pidfile exists. Removing it.
[2017-11-29 09:08:46,792: INFO/MainProcess] beat: Starting...
[2017-11-29 09:08:46,792: INFO/MainProcess] Writing entries (0)...
[2017-11-29 09:08:51,870: INFO/MainProcess] Writing entries (0)...
[2017-11-29 09:11:56,866: INFO/MainProcess] Writing entries (0)...
Stale pidfile exists. Removing it.
[2017-11-29 09:14:56,771: INFO/MainProcess] beat: Starting...
[2017-11-29 09:14:56,772: INFO/MainProcess] Writing entries (0)...
[2017-11-29 09:15:01,865: INFO/MainProcess] Writing entries (0)...
[2017-11-29 09:18:06,861: INFO/MainProcess] Writing entries (0)...
[2017-11-29 09:21:11,863: INFO/MainProcess] Writing entries (0)...
[2017-11-29 09:24:16,866: INFO/MainProcess] Writing entries (0)...
[2017-11-29 09:27:21,861: INFO/MainProcess] Writing entries (0)...
[2017-11-29 09:30:26,826: INFO/MainProcess] Writing entries (0)...
[2017-11-29 09:33:31,818: INFO/MainProcess] Writing entries (0)...
[2017-11-29 09:36:36,808: INFO/MainProcess] Writing entries (0)...
[2017-11-29 09:39:41,787: INFO/MainProcess] Writing entries (0)...
[2017-11-29 09:42:46,764: INFO/MainProcess] Writing entries (0)...
[2017-11-29 09:45:51,737: INFO/MainProcess] Writing entries (0)...
[2017-11-29 09:48:56,721: INFO/MainProcess] Writing entries (0)...
[2017-11-29 09:52:01,719: INFO/MainProcess] Writing entries (0)...
[2017-11-29 09:55:06,707: INFO/MainProcess] Writing entries (0)...
[2017-11-29 09:58:11,706: INFO/MainProcess] Writing entries (0)...
[2017-11-29 10:01:16,703: INFO/MainProcess] Writing entries (0)...
[2017-11-29 10:04:21,683: INFO/MainProcess] Writing entries (0)...
[2017-11-29 10:07:26,675: INFO/MainProcess] Writing entries (0)...
[2017-11-29 10:10:31,674: INFO/MainProcess] Writing entries (0)...
[2017-11-29 10:13:36,674: INFO/MainProcess] Writing entries (0)...
[2017-11-29 10:16:41,665: INFO/MainProcess] Writing entries (0)...
[2017-11-29 10:19:46,668: INFO/MainProcess] Writing entries (0)...
[2017-11-29 10:22:51,650: INFO/MainProcess] Writing entries (0)...
[2017-11-29 10:25:56,642: INFO/MainProcess] Writing entries (0)...
[2017-11-29 10:29:01,630: INFO/MainProcess] Writing entries (0)...
[2017-11-29 10:32:06,626: INFO/MainProcess] Writing entries (0)...
[2017-11-29 10:35:11,614: INFO/MainProcess] Writing entries (0)...
[2017-11-29 10:38:16,597: INFO/MainProcess] Writing entries (0)...
[2017-11-29 10:41:21,585: INFO/MainProcess] Writing entries (0)...
[2017-11-29 10:44:26,579: INFO/MainProcess] Writing entries (0)...
[2017-11-29 10:47:31,569: INFO/MainProcess] Writing entries (0)...
[2017-11-29 10:50:36,559: INFO/MainProcess] Writing entries (0)...
[2017-11-29 10:53:41,549: INFO/MainProcess] Writing entries (0)...
[2017-11-29 10:56:46,544: INFO/MainProcess] Writing entries (0)...
[2017-11-29 10:59:51,544: INFO/MainProcess] Writing entries (0)...
[2017-11-29 11:02:56,535: INFO/MainProcess] Writing entries (0)...
[2017-11-29 11:06:01,524: INFO/MainProcess] Writing entries (0)...
[2017-11-29 11:09:06,516: INFO/MainProcess] Writing entries (0)...
[2017-11-29 11:12:11,509: INFO/MainProcess] Writing entries (0)...
[2017-11-29 11:15:16,483: INFO/MainProcess] Writing entries (0)...
[2017-11-29 11:18:21,467: INFO/MainProcess] Writing entries (0)...
[2017-11-29 11:21:26,472: INFO/MainProcess] Writing entries (0)...
[2017-11-29 11:24:31,464: INFO/MainProcess] Writing entries (0)...
[2017-11-29 11:27:36,465: INFO/MainProcess] Writing entries (0)...
[2017-11-29 11:30:41,461: INFO/MainProcess] Writing entries (0)...
[2017-11-29 11:33:46,444: INFO/MainProcess] Writing entries (0)...
[2017-11-29 11:36:51,433: INFO/MainProcess] Writing entries (0)...
[2017-11-29 11:39:56,436: INFO/MainProcess] Writing entries (0)...
[2017-11-29 11:43:01,431: INFO/MainProcess] Writing entries (0)...
[2017-11-29 11:46:06,431: INFO/MainProcess] Writing entries (0)...
[2017-11-29 11:49:11,419: INFO/MainProcess] Writing entries (0)...
[2017-11-29 11:52:16,408: INFO/MainProcess] Writing entries (0)...
[2017-11-29 11:55:21,400: INFO/MainProcess] Writing entries (0)...
[2017-11-29 11:58:26,395: INFO/MainProcess] Writing entries (0)...
[2017-11-29 12:01:31,381: INFO/MainProcess] Writing entries (0)...
[2017-11-29 12:04:36,384: INFO/MainProcess] Writing entries (0)...
[2017-11-29 12:07:41,385: INFO/MainProcess] Writing entries (0)...
[2017-11-29 12:10:46,390: INFO/MainProcess] Writing entries (0)...
[2017-11-29 12:13:51,391: INFO/MainProcess] Writing entries (0)...
[2017-11-29 12:16:56,380: INFO/MainProcess] Writing entries (0)...
[2017-11-29 12:20:01,374: INFO/MainProcess] Writing entries (0)...
[2017-11-29 12:23:06,372: INFO/MainProcess] Writing entries (0)...
[2017-11-29 12:26:11,370: INFO/MainProcess] Writing entries (0)...
[2017-11-29 12:29:16,353: INFO/MainProcess] Writing entries (0)...
[2017-11-29 12:32:21,351: INFO/MainProcess] Writing entries (0)...
[2017-11-29 12:35:26,334: INFO/MainProcess] Writing entries (0)...
[2017-11-29 12:38:31,318: INFO/MainProcess] Writing entries (0)...
[2017-11-29 12:41:36,312: INFO/MainProcess] Writing entries (0)...
[2017-11-29 12:44:41,310: INFO/MainProcess] Writing entries (0)...
[2017-11-29 12:47:46,290: INFO/MainProcess] Writing entries (0)...
[2017-11-29 12:50:51,279: INFO/MainProcess] Writing entries (0)...
[2017-11-29 12:53:56,267: INFO/MainProcess] Writing entries (0)...
[2017-11-29 12:57:01,249: INFO/MainProcess] Writing entries (0)...
[2017-11-29 13:00:06,244: INFO/MainProcess] Writing entries (0)...
[2017-11-29 13:03:11,232: INFO/MainProcess] Writing entries (0)...
[2017-11-29 13:06:16,235: INFO/MainProcess] Writing entries (0)...
[2017-11-29 13:09:21,231: INFO/MainProcess] Writing entries (0)...
[2017-11-29 13:12:26,219: INFO/MainProcess] Writing entries (0)...
[2017-11-29 13:15:31,202: INFO/MainProcess] Writing entries (0)...
[2017-11-29 13:18:36,195: INFO/MainProcess] Writing entries (0)...
[2017-11-29 13:21:41,190: INFO/MainProcess] Writing entries (0)...
[2017-11-29 13:24:46,186: INFO/MainProcess] Writing entries (0)...
[2017-11-29 13:27:51,176: INFO/MainProcess] Writing entries (0)...
[2017-11-29 13:30:56,167: INFO/MainProcess] Writing entries (0)...
[2017-11-29 13:34:01,150: INFO/MainProcess] Writing entries (0)...
[2017-11-29 13:37:06,140: INFO/MainProcess] Writing entries (0)...
[2017-11-29 13:40:06,152: INFO/MainProcess] Writing entries (0)...
[2017-11-29 13:43:11,149: INFO/MainProcess] Writing entries (0)...
[2017-11-29 13:46:16,151: INFO/MainProcess] Writing entries (0)...
[2017-11-29 13:49:21,135: INFO/MainProcess] Writing entries (0)...
[2017-11-29 13:52:26,135: INFO/MainProcess] Writing entries (0)...
[2017-11-29 13:55:31,135: INFO/MainProcess] Writing entries (0)...
[2017-11-29 13:58:36,133: INFO/MainProcess] Writing entries (0)...
[2017-11-29 14:01:41,134: INFO/MainProcess] Writing entries (0)...
[2017-11-29 14:04:46,123: INFO/MainProcess] Writing entries (0)...
[2017-11-29 14:07:51,124: INFO/MainProcess] Writing entries (0)...
[2017-11-29 14:10:56,123: INFO/MainProcess] Writing entries (0)...
[2017-11-29 14:14:01,124: INFO/MainProcess] Writing entries (0)...
[2017-11-29 14:17:06,128: INFO/MainProcess] Writing entries (0)...
[2017-11-29 14:20:11,116: INFO/MainProcess] Writing entries (0)...
[2017-11-29 14:23:16,115: INFO/MainProcess] Writing entries (0)...
[2017-11-29 14:26:21,111: INFO/MainProcess] Writing entries (0)...
[2017-11-29 14:29:26,105: INFO/MainProcess] Writing entries (0)...
[2017-11-29 14:32:31,093: INFO/MainProcess] Writing entries (0)...
[2017-11-29 14:35:36,085: INFO/MainProcess] Writing entries (0)...
[2017-11-29 14:38:41,082: INFO/MainProcess] Writing entries (0)...
[2017-11-29 14:41:46,077: INFO/MainProcess] Writing entries (0)...
[2017-11-29 14:44:51,083: INFO/MainProcess] Writing entries (0)...
[2017-11-29 14:47:56,082: INFO/MainProcess] Writing entries (0)...
[2017-11-29 14:51:01,083: INFO/MainProcess] Writing entries (0)...
[2017-11-29 14:54:06,081: INFO/MainProcess] Writing entries (0)...
[2017-11-29 14:57:11,076: INFO/MainProcess] Writing entries (0)...
[2017-11-29 15:00:16,068: INFO/MainProcess] Writing entries (0)...
[2017-11-29 15:03:21,059: INFO/MainProcess] Writing entries (0)...
[2017-11-29 15:06:26,055: INFO/MainProcess] Writing entries (0)...
[2017-11-29 15:09:31,042: INFO/MainProcess] Writing entries (0)...
[2017-11-29 15:12:36,029: INFO/MainProcess] Writing entries (0)...
[2017-11-29 15:15:41,017: INFO/MainProcess] Writing entries (0)...
[2017-11-29 15:18:45,989: INFO/MainProcess] Writing entries (0)...
[2017-11-29 15:21:50,991: INFO/MainProcess] Writing entries (0)...
[2017-11-29 15:24:55,991: INFO/MainProcess] Writing entries (0)...
[2017-11-29 15:28:00,986: INFO/MainProcess] Writing entries (0)...
[2017-11-29 15:31:05,989: INFO/MainProcess] Writing entries (0)...
[2017-11-29 15:34:10,982: INFO/MainProcess] Writing entries (0)...
[2017-11-29 15:37:15,979: INFO/MainProcess] Writing entries (0)...
[2017-11-29 15:40:20,975: INFO/MainProcess] Writing entries (0)...
[2017-11-29 15:43:25,970: INFO/MainProcess] Writing entries (0)...
[2017-11-29 15:46:30,962: INFO/MainProcess] Writing entries (0)...
[2017-11-29 15:49:35,956: INFO/MainProcess] Writing entries (0)...
[2017-11-29 15:52:40,944: INFO/MainProcess] Writing entries (0)...
[2017-11-29 15:55:45,938: INFO/MainProcess] Writing entries (0)...
[2017-11-29 15:58:50,936: INFO/MainProcess] Writing entries (0)...
[2017-11-29 16:01:55,925: INFO/MainProcess] Writing entries (0)...
[2017-11-29 16:05:00,903: INFO/MainProcess] Writing entries (0)...
[2017-11-29 16:08:00,910: INFO/MainProcess] Writing entries (0)...
[2017-11-29 16:11:05,897: INFO/MainProcess] Writing entries (0)...
[2017-11-29 16:14:10,902: INFO/MainProcess] Writing entries (0)...
[2017-11-29 16:17:15,896: INFO/MainProcess] Writing entries (0)...
[2017-11-29 16:20:20,886: INFO/MainProcess] Writing entries (0)...
[2017-11-29 16:23:25,880: INFO/MainProcess] Writing entries (0)...
[2017-11-29 16:26:30,881: INFO/MainProcess] Writing entries (0)...
[2017-11-29 16:29:35,873: INFO/MainProcess] Writing entries (0)...
[2017-11-29 16:32:40,877: INFO/MainProcess] Writing entries (0)...
[2017-11-29 16:35:45,865: INFO/MainProcess] Writing entries (0)...
[2017-11-29 16:38:45,878: INFO/MainProcess] Writing entries (0)...
[2017-11-29 16:41:50,874: INFO/MainProcess] Writing entries (0)...
[2017-11-29 16:44:55,878: INFO/MainProcess] Writing entries (0)...
[2017-11-29 16:48:00,865: INFO/MainProcess] Writing entries (0)...
[2017-11-29 16:51:05,868: INFO/MainProcess] Writing entries (0)...
[2017-11-29 16:54:10,863: INFO/MainProcess] Writing entries (0)...
[2017-11-29 16:57:15,863: INFO/MainProcess] Writing entries (0)...
[2017-11-29 17:00:20,866: INFO/MainProcess] Writing entries (0)...
[2017-11-29 17:03:25,864: INFO/MainProcess] Writing entries (0)...
[2017-11-29 17:06:30,842: INFO/MainProcess] Writing entries (0)...
[2017-11-29 17:09:35,842: INFO/MainProcess] Writing entries (0)...
[2017-11-29 17:12:40,845: INFO/MainProcess] Writing entries (0)...
[2017-11-29 17:15:45,838: INFO/MainProcess] Writing entries (0)...
[2017-11-29 17:18:50,829: INFO/MainProcess] Writing entries (0)...
[2017-11-29 17:21:55,825: INFO/MainProcess] Writing entries (0)...
[2017-11-29 17:25:00,829: INFO/MainProcess] Writing entries (0)...
[2017-11-29 17:28:05,821: INFO/MainProcess] Writing entries (0)...
[2017-11-29 17:31:10,809: INFO/MainProcess] Writing entries (0)...
[2017-11-29 17:34:15,813: INFO/MainProcess] Writing entries (0)...
[2017-11-29 17:37:20,817: INFO/MainProcess] Writing entries (0)...
[2017-11-29 17:40:20,823: INFO/MainProcess] Writing entries (0)...
[2017-11-29 17:43:25,824: INFO/MainProcess] Writing entries (0)...
[2017-11-29 17:46:30,811: INFO/MainProcess] Writing entries (0)...
[2017-11-29 17:49:35,805: INFO/MainProcess] Writing entries (0)...
[2017-11-29 17:52:40,775: INFO/MainProcess] Writing entries (0)...
[2017-11-29 17:55:45,771: INFO/MainProcess] Writing entries (0)...
[2017-11-29 17:58:50,771: INFO/MainProcess] Writing entries (0)...
[2017-11-29 18:01:55,771: INFO/MainProcess] Writing entries (0)...
[2017-11-29 18:05:00,761: INFO/MainProcess] Writing entries (0)...
[2017-11-29 18:08:05,751: INFO/MainProcess] Writing entries (0)...
[2017-11-29 18:11:10,748: INFO/MainProcess] Writing entries (0)...
[2017-11-29 18:14:15,740: INFO/MainProcess] Writing entries (0)...
[2017-11-29 18:17:20,735: INFO/MainProcess] Writing entries (0)...
[2017-11-29 18:20:25,723: INFO/MainProcess] Writing entries (0)...
[2017-11-29 18:23:30,714: INFO/MainProcess] Writing entries (0)...
[2017-11-29 18:26:35,715: INFO/MainProcess] Writing entries (0)...
[2017-11-29 18:29:40,705: INFO/MainProcess] Writing entries (0)...
[2017-11-29 18:32:45,704: INFO/MainProcess] Writing entries (0)...
[2017-11-29 18:35:50,700: INFO/MainProcess] Writing entries (0)...
[2017-11-29 18:38:55,685: INFO/MainProcess] Writing entries (0)...
[2017-11-29 18:42:00,683: INFO/MainProcess] Writing entries (0)...
[2017-11-29 18:45:05,675: INFO/MainProcess] Writing entries (0)...
[2017-11-29 18:48:10,660: INFO/MainProcess] Writing entries (0)...
[2017-11-29 18:51:15,656: INFO/MainProcess] Writing entries (0)...
[2017-11-29 18:54:20,651: INFO/MainProcess] Writing entries (0)...
[2017-11-29 18:57:25,640: INFO/MainProcess] Writing entries (0)...
[2017-11-29 19:00:30,634: INFO/MainProcess] Writing entries (0)...
[2017-11-29 19:03:35,623: INFO/MainProcess] Writing entries (0)...
[2017-11-29 19:06:40,616: INFO/MainProcess] Writing entries (0)...
[2017-11-29 19:09:45,608: INFO/MainProcess] Writing entries (0)...
[2017-11-29 19:12:50,606: INFO/MainProcess] Writing entries (0)...
[2017-11-29 19:15:55,592: INFO/MainProcess] Writing entries (0)...
[2017-11-29 19:19:00,578: INFO/MainProcess] Writing entries (0)...
[2017-11-29 19:22:05,560: INFO/MainProcess] Writing entries (0)...
[2017-11-29 19:25:10,551: INFO/MainProcess] Writing entries (0)...
[2017-11-29 19:28:15,549: INFO/MainProcess] Writing entries (0)...
[2017-11-29 19:31:20,535: INFO/MainProcess] Writing entries (0)...
[2017-11-29 19:34:25,517: INFO/MainProcess] Writing entries (0)...
[2017-11-29 19:37:30,498: INFO/MainProcess] Writing entries (0)...
[2017-11-29 19:40:35,490: INFO/MainProcess] Writing entries (0)...
[2017-11-29 19:43:40,482: INFO/MainProcess] Writing entries (0)...
[2017-11-29 19:46:45,478: INFO/MainProcess] Writing entries (0)...
[2017-11-29 19:49:50,472: INFO/MainProcess] Writing entries (0)...
[2017-11-29 19:52:55,458: INFO/MainProcess] Writing entries (0)...
[2017-11-29 19:56:00,464: INFO/MainProcess] Writing entries (0)...
[2017-11-29 19:59:05,452: INFO/MainProcess] Writing entries (0)...
[2017-11-29 20:02:10,431: INFO/MainProcess] Writing entries (0)...
[2017-11-29 20:05:15,423: INFO/MainProcess] Writing entries (0)...
[2017-11-29 20:08:20,408: INFO/MainProcess] Writing entries (0)...
[2017-11-29 20:11:25,395: INFO/MainProcess] Writing entries (0)...
[2017-11-29 20:14:30,380: INFO/MainProcess] Writing entries (0)...
[2017-11-29 20:17:35,367: INFO/MainProcess] Writing entries (0)...
[2017-11-29 20:20:40,353: INFO/MainProcess] Writing entries (0)...
[2017-11-29 20:23:45,347: INFO/MainProcess] Writing entries (0)...
[2017-11-29 20:26:50,331: INFO/MainProcess] Writing entries (0)...
[2017-11-29 20:29:55,329: INFO/MainProcess] Writing entries (0)...
[2017-11-29 20:33:00,327: INFO/MainProcess] Writing entries (0)...
[2017-11-29 20:36:05,321: INFO/MainProcess] Writing entries (0)...
[2017-11-29 20:39:10,293: INFO/MainProcess] Writing entries (0)...
[2017-11-29 20:42:15,295: INFO/MainProcess] Writing entries (0)...
[2017-11-29 20:45:20,296: INFO/MainProcess] Writing entries (0)...
[2017-11-29 20:48:25,295: INFO/MainProcess] Writing entries (0)...
[2017-11-29 20:51:30,274: INFO/MainProcess] Writing entries (0)...
[2017-11-29 20:54:35,262: INFO/MainProcess] Writing entries (0)...
[2017-11-29 20:57:40,257: INFO/MainProcess] Writing entries (0)...
[2017-11-29 21:00:45,251: INFO/MainProcess] Writing entries (0)...
[2017-11-29 21:03:50,249: INFO/MainProcess] Writing entries (0)...
[2017-11-29 21:06:55,238: INFO/MainProcess] Writing entries (0)...
[2017-11-29 21:10:00,230: INFO/MainProcess] Writing entries (0)...
[2017-11-29 21:13:05,227: INFO/MainProcess] Writing entries (0)...
[2017-11-29 21:16:10,221: INFO/MainProcess] Writing entries (0)...
[2017-11-29 21:19:15,207: INFO/MainProcess] Writing entries (0)...
[2017-11-29 21:22:20,190: INFO/MainProcess] Writing entries (0)...
[2017-11-29 21:25:25,175: INFO/MainProcess] Writing entries (0)...
[2017-11-29 21:28:30,175: INFO/MainProcess] Writing entries (0)...
[2017-11-29 21:31:35,175: INFO/MainProcess] Writing entries (0)...
[2017-11-29 21:34:40,161: INFO/MainProcess] Writing entries (0)...
[2017-11-29 21:37:45,148: INFO/MainProcess] Writing entries (0)...
[2017-11-29 21:40:50,132: INFO/MainProcess] Writing entries (0)...
[2017-11-29 21:43:55,132: INFO/MainProcess] Writing entries (0)...
[2017-11-29 21:47:00,129: INFO/MainProcess] Writing entries (0)...
[2017-11-29 21:50:00,136: INFO/MainProcess] Writing entries (0)...
[2017-11-29 21:53:05,128: INFO/MainProcess] Writing entries (0)...
[2017-11-29 21:56:10,120: INFO/MainProcess] Writing entries (0)...
[2017-11-29 21:59:15,117: INFO/MainProcess] Writing entries (0)...
[2017-11-29 22:02:20,116: INFO/MainProcess] Writing entries (0)...
[2017-11-29 22:05:25,120: INFO/MainProcess] Writing entries (0)...
[2017-11-29 22:08:30,115: INFO/MainProcess] Writing entries (0)...
[2017-11-29 22:11:35,107: INFO/MainProcess] Writing entries (0)...
[2017-11-29 22:14:40,094: INFO/MainProcess] Writing entries (0)...
[2017-11-29 22:17:45,099: INFO/MainProcess] Writing entries (0)...
[2017-11-29 22:20:50,084: INFO/MainProcess] Writing entries (0)...
[2017-11-29 22:23:55,082: INFO/MainProcess] Writing entries (0)...
[2017-11-29 22:27:00,082: INFO/MainProcess] Writing entries (0)...
[2017-11-29 22:30:05,081: INFO/MainProcess] Writing entries (0)...
[2017-11-29 22:33:10,081: INFO/MainProcess] Writing entries (0)...
[2017-11-29 22:36:15,076: INFO/MainProcess] Writing entries (0)...
[2017-11-29 22:39:20,070: INFO/MainProcess] Writing entries (0)...
[2017-11-29 22:42:25,058: INFO/MainProcess] Writing entries (0)...
[2017-11-29 22:45:30,047: INFO/MainProcess] Writing entries (0)...
[2017-11-29 22:48:35,050: INFO/MainProcess] Writing entries (0)...
[2017-11-29 22:51:35,056: INFO/MainProcess] Writing entries (0)...
[2017-11-29 22:54:40,051: INFO/MainProcess] Writing entries (0)...
[2017-11-29 22:57:45,038: INFO/MainProcess] Writing entries (0)...
[2017-11-29 23:00:50,026: INFO/MainProcess] Writing entries (0)...
[2017-11-29 23:03:55,012: INFO/MainProcess] Writing entries (0)...
[2017-11-29 23:07:00,010: INFO/MainProcess] Writing entries (0)...
[2017-11-29 23:10:04,999: INFO/MainProcess] Writing entries (0)...
[2017-11-29 23:13:09,991: INFO/MainProcess] Writing entries (0)...
[2017-11-29 23:16:14,991: INFO/MainProcess] Writing entries (0)...
[2017-11-29 23:19:19,987: INFO/MainProcess] Writing entries (0)...
[2017-11-29 23:22:24,970: INFO/MainProcess] Writing entries (0)...
[2017-11-29 23:25:29,954: INFO/MainProcess] Writing entries (0)...
[2017-11-29 23:28:34,937: INFO/MainProcess] Writing entries (0)...
[2017-11-29 23:31:39,930: INFO/MainProcess] Writing entries (0)...
[2017-11-29 23:34:44,909: INFO/MainProcess] Writing entries (0)...
[2017-11-29 23:37:49,899: INFO/MainProcess] Writing entries (0)...
[2017-11-29 23:40:54,893: INFO/MainProcess] Writing entries (0)...
[2017-11-29 23:43:59,893: INFO/MainProcess] Writing entries (0)...
[2017-11-29 23:47:04,891: INFO/MainProcess] Writing entries (0)...
[2017-11-29 23:50:09,893: INFO/MainProcess] Writing entries (0)...
[2017-11-29 23:53:14,879: INFO/MainProcess] Writing entries (0)...
[2017-11-29 23:56:19,866: INFO/MainProcess] Writing entries (0)...
[2017-11-29 23:59:24,863: INFO/MainProcess] Writing entries (0)...
[2017-11-30 00:02:29,855: INFO/MainProcess] Writing entries (0)...
[2017-11-30 00:05:34,846: INFO/MainProcess] Writing entries (0)...
[2017-11-30 00:08:39,844: INFO/MainProcess] Writing entries (0)...
[2017-11-30 00:11:44,832: INFO/MainProcess] Writing entries (0)...
[2017-11-30 00:14:44,846: INFO/MainProcess] Writing entries (0)...
[2017-11-30 00:17:49,843: INFO/MainProcess] Writing entries (0)...
[2017-11-30 00:20:54,838: INFO/MainProcess] Writing entries (0)...
[2017-11-30 00:23:59,837: INFO/MainProcess] Writing entries (0)...
[2017-11-30 00:27:04,813: INFO/MainProcess] Writing entries (0)...
[2017-11-30 00:30:09,807: INFO/MainProcess] Writing entries (0)...
[2017-11-30 00:33:14,802: INFO/MainProcess] Writing entries (0)...
[2017-11-30 00:36:19,796: INFO/MainProcess] Writing entries (0)...
[2017-11-30 00:39:24,786: INFO/MainProcess] Writing entries (0)...
[2017-11-30 00:42:29,776: INFO/MainProcess] Writing entries (0)...
[2017-11-30 00:45:34,772: INFO/MainProcess] Writing entries (0)...
[2017-11-30 00:48:39,767: INFO/MainProcess] Writing entries (0)...
[2017-11-30 00:51:44,747: INFO/MainProcess] Writing entries (0)...
[2017-11-30 00:54:49,736: INFO/MainProcess] Writing entries (0)...
[2017-11-30 00:57:54,708: INFO/MainProcess] Writing entries (0)...
[2017-11-30 01:00:59,704: INFO/MainProcess] Writing entries (0)...
[2017-11-30 01:04:04,674: INFO/MainProcess] Writing entries (0)...
[2017-11-30 01:07:09,675: INFO/MainProcess] Writing entries (0)...
[2017-11-30 01:10:14,661: INFO/MainProcess] Writing entries (0)...
[2017-11-30 01:13:19,650: INFO/MainProcess] Writing entries (0)...
[2017-11-30 01:16:24,636: INFO/MainProcess] Writing entries (0)...
[2017-11-30 01:19:29,613: INFO/MainProcess] Writing entries (0)...
[2017-11-30 01:22:34,593: INFO/MainProcess] Writing entries (0)...
[2017-11-30 01:25:39,575: INFO/MainProcess] Writing entries (0)...
[2017-11-30 01:28:44,556: INFO/MainProcess] Writing entries (0)...
[2017-11-30 01:31:49,547: INFO/MainProcess] Writing entries (0)...
[2017-11-30 01:34:54,543: INFO/MainProcess] Writing entries (0)...
[2017-11-30 01:37:59,520: INFO/MainProcess] Writing entries (0)...
[2017-11-30 01:41:04,502: INFO/MainProcess] Writing entries (0)...
[2017-11-30 01:44:09,508: INFO/MainProcess] Writing entries (0)...
[2017-11-30 01:47:14,495: INFO/MainProcess] Writing entries (0)...
[2017-11-30 01:50:19,476: INFO/MainProcess] Writing entries (0)...
[2017-11-30 01:53:24,463: INFO/MainProcess] Writing entries (0)...
[2017-11-30 01:56:29,460: INFO/MainProcess] Writing entries (0)...
[2017-11-30 01:59:34,444: INFO/MainProcess] Writing entries (0)...
[2017-11-30 02:02:39,436: INFO/MainProcess] Writing entries (0)...
[2017-11-30 02:05:44,431: INFO/MainProcess] Writing entries (0)...
[2017-11-30 02:08:49,416: INFO/MainProcess] Writing entries (0)...
[2017-11-30 02:11:54,411: INFO/MainProcess] Writing entries (0)...
[2017-11-30 02:14:59,386: INFO/MainProcess] Writing entries (0)...
[2017-11-30 02:18:04,375: INFO/MainProcess] Writing entries (0)...
[2017-11-30 02:21:09,371: INFO/MainProcess] Writing entries (0)...
[2017-11-30 02:24:14,361: INFO/MainProcess] Writing entries (0)...
[2017-11-30 02:27:19,349: INFO/MainProcess] Writing entries (0)...
[2017-11-30 02:28:14,350: INFO/MainProcess] DatabaseScheduler: Schedule changed.
[2017-11-30 02:28:14,350: INFO/MainProcess] Writing entries (0)...
[2017-11-30 02:29:09,358: INFO/MainProcess] DatabaseScheduler: Schedule changed.
[2017-11-30 02:29:09,358: INFO/MainProcess] Writing entries (0)...
[2017-11-30 02:29:34,373: INFO/MainProcess] DatabaseScheduler: Schedule changed.
[2017-11-30 02:29:34,373: INFO/MainProcess] Writing entries (0)...
[2017-11-30 02:30:19,387: INFO/MainProcess] Writing entries (0)...
[2017-11-30 02:30:24,397: INFO/MainProcess] DatabaseScheduler: Schedule changed.
[2017-11-30 02:30:24,398: INFO/MainProcess] Writing entries (0)...
[2017-11-30 02:30:49,418: INFO/MainProcess] DatabaseScheduler: Schedule changed.
[2017-11-30 02:30:49,418: INFO/MainProcess] Writing entries (0)...
[2017-11-30 02:31:29,440: INFO/MainProcess] DatabaseScheduler: Schedule changed.
[2017-11-30 02:31:29,440: INFO/MainProcess] Writing entries (0)...
[2017-11-30 02:33:19,463: INFO/MainProcess] Writing entries (0)...
[2017-11-30 02:36:19,474: INFO/MainProcess] Writing entries (0)...
[2017-11-30 02:39:19,484: INFO/MainProcess] Writing entries (0)...
Traceback (most recent call last):
  File "manage.py", line 22, in <module>
    execute_from_command_line(sys.argv)
  File "/usr/local/lib/python2.7/dist-packages/django/core/management/__init__.py", line 364, in execute_from_command_line
    utility.execute()
  File "/usr/local/lib/python2.7/dist-packages/django/core/management/__init__.py", line 338, in execute
    django.setup()
  File "/usr/local/lib/python2.7/dist-packages/django/__init__.py", line 27, in setup
    apps.populate(settings.INSTALLED_APPS)
  File "/usr/local/lib/python2.7/dist-packages/django/apps/registry.py", line 108, in populate
    app_config.import_models()
  File "/usr/local/lib/python2.7/dist-packages/django/apps/config.py", line 202, in import_models
    self.models_module = import_module(models_module_name)
  File "/usr/lib/python2.7/importlib/__init__.py", line 37, in import_module
    __import__(name)
  File "/usr/local/lib/python2.7/dist-packages/django/contrib/auth/models.py", line 103, in <module>
    class Group(models.Model):
  File "/usr/local/lib/python2.7/dist-packages/django/db/models/base.py", line 162, in __new__
    new_class.add_to_class(obj_name, obj)
  File "/usr/local/lib/python2.7/dist-packages/django/db/models/base.py", line 325, in add_to_class
    value.contribute_to_class(cls, name)
  File "/usr/local/lib/python2.7/dist-packages/django/db/models/fields/related.py", line 1648, in contribute_to_class
    self.remote_field.through = create_many_to_many_intermediary_model(self, cls)
  File "/usr/local/lib/python2.7/dist-packages/django/db/models/fields/related.py", line 1104, in create_many_to_many_intermediary_model
    'verbose_name': _('%(from)s-%(to)s relationship') % {'from': from_, 'to': to},
  File "/usr/local/lib/python2.7/dist-packages/django/utils/functional.py", line 162, in __mod__
    return six.text_type(self) % rhs
  File "/usr/local/lib/python2.7/dist-packages/django/utils/functional.py", line 119, in __text_cast
    return func(*self.__args, **self.__kw)
  File "/usr/local/lib/python2.7/dist-packages/django/utils/translation/__init__.py", line 89, in ugettext
    return _trans.ugettext(message)
  File "/usr/local/lib/python2.7/dist-packages/django/utils/translation/trans_real.py", line 345, in ugettext
    return do_translate(message, 'ugettext')
  File "/usr/local/lib/python2.7/dist-packages/django/utils/translation/trans_real.py", line 321, in do_translate
    _default = _default or translation(settings.LANGUAGE_CODE)
  File "/usr/local/lib/python2.7/dist-packages/django/utils/translation/trans_real.py", line 228, in translation
    _translations[language] = DjangoTranslation(language)
  File "/usr/local/lib/python2.7/dist-packages/django/utils/translation/trans_real.py", line 134, in __init__
    raise IOError("No translation files found for default language %s." % settings.LANGUAGE_CODE)
IOError: No translation files found for default language Asia/Shanghai.
Stale pidfile exists. Removing it.
[2017-11-30 10:42:09,039: INFO/MainProcess] beat: Starting...
[2017-11-30 10:42:09,039: INFO/MainProcess] Writing entries (0)...
[2017-11-30 10:42:14,172: INFO/MainProcess] Writing entries (0)...
Stale pidfile exists. Removing it.
[2017-11-30 10:44:45,562: INFO/MainProcess] beat: Starting...
[2017-11-30 10:44:45,562: INFO/MainProcess] Writing entries (0)...
[2017-11-30 10:44:50,699: INFO/MainProcess] Writing entries (0)...
[2017-11-30 10:47:50,714: INFO/MainProcess] Writing entries (0)...
Stale pidfile exists. Removing it.
[2017-11-30 10:48:31,782: INFO/MainProcess] beat: Starting...
[2017-11-30 10:48:31,786: INFO/MainProcess] Writing entries (0)...
[2017-11-30 10:48:36,887: INFO/MainProcess] Writing entries (0)...
[2017-11-30 10:51:41,877: INFO/MainProcess] Writing entries (0)...
[2017-11-30 10:54:46,879: INFO/MainProcess] Writing entries (0)...
[2017-11-30 10:57:51,879: INFO/MainProcess] Writing entries (0)...
[2017-11-30 11:00:00,004: INFO/MainProcess] Scheduler: Sending due task 获取所有股票基础信息 (utils.StockNumber.load_all_stock_number)
[2017-11-30 11:00:55,013: INFO/MainProcess] Writing entries (1)...
[2017-11-30 11:03:55,043: INFO/MainProcess] Writing entries (0)...
[2017-11-30 11:06:55,078: INFO/MainProcess] Writing entries (0)...
[2017-11-30 11:09:55,101: INFO/MainProcess] Writing entries (0)...
[2017-11-30 11:12:55,113: INFO/MainProcess] Writing entries (0)...
[2017-11-30 11:15:55,132: INFO/MainProcess] Writing entries (0)...
[2017-11-30 11:18:55,151: INFO/MainProcess] Writing entries (0)...
[2017-11-30 11:21:55,169: INFO/MainProcess] Writing entries (0)...
[2017-11-30 11:24:55,186: INFO/MainProcess] Writing entries (0)...
[2017-11-30 11:28:00,189: INFO/MainProcess] Writing entries (0)...
[2017-11-30 11:30:00,000: INFO/MainProcess] Scheduler: Sending due task 获取11点半股票数据 (utils.StockData.load_func)
[2017-11-30 11:31:05,009: INFO/MainProcess] Writing entries (1)...
[2017-11-30 11:34:05,029: INFO/MainProcess] Writing entries (0)...
[2017-11-30 11:37:05,044: INFO/MainProcess] Writing entries (0)...
[2017-11-30 11:40:10,047: INFO/MainProcess] Writing entries (0)...
[2017-11-30 11:43:10,066: INFO/MainProcess] Writing entries (0)...
[2017-11-30 11:46:10,086: INFO/MainProcess] Writing entries (0)...
[2017-11-30 11:49:10,103: INFO/MainProcess] Writing entries (0)...
[2017-11-30 11:52:10,108: INFO/MainProcess] Writing entries (0)...
[2017-11-30 11:55:10,119: INFO/MainProcess] Writing entries (0)...
[2017-11-30 11:58:15,124: INFO/MainProcess] Writing entries (0)...
[2017-11-30 12:01:15,134: INFO/MainProcess] Writing entries (0)...
[2017-11-30 12:04:15,144: INFO/MainProcess] Writing entries (0)...
[2017-11-30 12:07:15,161: INFO/MainProcess] Writing entries (0)...
[2017-11-30 12:10:15,175: INFO/MainProcess] Writing entries (0)...
[2017-11-30 12:13:15,183: INFO/MainProcess] Writing entries (0)...
[2017-11-30 12:16:15,196: INFO/MainProcess] Writing entries (0)...
[2017-11-30 12:19:20,194: INFO/MainProcess] Writing entries (0)...
[2017-11-30 12:22:25,187: INFO/MainProcess] Writing entries (0)...
[2017-11-30 12:25:25,193: INFO/MainProcess] Writing entries (0)...
[2017-11-30 12:28:30,194: INFO/MainProcess] Writing entries (0)...
[2017-11-30 12:31:30,207: INFO/MainProcess] Writing entries (0)...
[2017-11-30 12:34:30,214: INFO/MainProcess] Writing entries (0)...
[2017-11-30 12:37:35,216: INFO/MainProcess] Writing entries (0)...
[2017-11-30 12:40:35,223: INFO/MainProcess] Writing entries (0)...
[2017-11-30 12:43:35,234: INFO/MainProcess] Writing entries (0)...
[2017-11-30 12:46:35,247: INFO/MainProcess] Writing entries (0)...
[2017-11-30 12:49:35,270: INFO/MainProcess] Writing entries (0)...
[2017-11-30 12:52:35,278: INFO/MainProcess] Writing entries (0)...
[2017-11-30 12:55:40,274: INFO/MainProcess] Writing entries (0)...
[2017-11-30 12:58:40,283: INFO/MainProcess] Writing entries (0)...
[2017-11-30 13:01:40,296: INFO/MainProcess] Writing entries (0)...
[2017-11-30 13:04:40,309: INFO/MainProcess] Writing entries (0)...
[2017-11-30 13:07:40,322: INFO/MainProcess] Writing entries (0)...
[2017-11-30 13:10:40,335: INFO/MainProcess] Writing entries (0)...
[2017-11-30 13:13:40,357: INFO/MainProcess] Writing entries (0)...
[2017-11-30 13:16:40,369: INFO/MainProcess] Writing entries (0)...
[2017-11-30 13:19:40,383: INFO/MainProcess] Writing entries (0)...
[2017-11-30 13:22:40,390: INFO/MainProcess] Writing entries (0)...
[2017-11-30 13:25:45,389: INFO/MainProcess] Writing entries (0)...
[2017-11-30 13:28:45,395: INFO/MainProcess] Writing entries (0)...
[2017-11-30 13:31:45,411: INFO/MainProcess] Writing entries (0)...
[2017-11-30 13:34:45,419: INFO/MainProcess] Writing entries (0)...
[2017-11-30 13:37:45,426: INFO/MainProcess] Writing entries (0)...
[2017-11-30 13:40:45,435: INFO/MainProcess] Writing entries (0)...
[2017-11-30 13:43:50,440: INFO/MainProcess] Writing entries (0)...
[2017-11-30 13:46:50,451: INFO/MainProcess] Writing entries (0)...
[2017-11-30 13:49:50,464: INFO/MainProcess] Writing entries (0)...
[2017-11-30 13:52:50,474: INFO/MainProcess] Writing entries (0)...
[2017-11-30 13:55:50,485: INFO/MainProcess] Writing entries (0)...
[2017-11-30 13:58:50,492: INFO/MainProcess] Writing entries (0)...
[2017-11-30 14:00:00,000: INFO/MainProcess] Scheduler: Sending due task 获取下午2点股票数据 (utils.StockData.load_func)
[2017-11-30 14:01:55,007: INFO/MainProcess] Writing entries (1)...
[2017-11-30 14:04:55,026: INFO/MainProcess] Writing entries (0)...
[2017-11-30 14:08:00,031: INFO/MainProcess] Writing entries (0)...
[2017-11-30 14:11:00,044: INFO/MainProcess] Writing entries (0)...
